<?xml version="1.0" encoding="UTF-8"?>
<!-- Generated by org.testng.reporters.JUnitReportReporter -->
<testsuite hostname="DESKTOP-JF0QPK0" failures="0" tests="8" name="nykaa.Sign_inTest" time="8.848" errors="0" timestamp="2023-07-24T16:16:01 IST" skipped="0">
  <testcase classname="nykaa.Sign_inTest" name="verify_Signin_Button" time="0.365"/>
  <system-out/>
  <testcase classname="nykaa.Sign_inTest" name="verify_Login_Create_Account_Text" time="0.307"/>
  <system-out/>
  <testcase classname="nykaa.Sign_inTest" name="verify_Register_Now_Text" time="0.108"/>
  <system-out/>
  <testcase classname="nykaa.Sign_inTest" name="verify_Google_Button" time="1.042"/>
  <system-out/>
  <testcase classname="nykaa.Sign_inTest" name="verify_Signin_with_google_email_Button" time="0.311"/>
  <system-out/>
  <testcase classname="nykaa.Sign_inTest" name="verify_Common_Header" time="5.413"/>
  <system-out/>
  <testcase classname="nykaa.Sign_inTest" name="verify_mobile_Number_Input_Field" time="1.060"/>
  <system-out/>
  <testcase classname="nykaa.Sign_inTest" name="verify_Proceed_Button" time="0.242"/>
  <system-out/>
</testsuite> <!-- nykaa.Sign_inTest -->
